Analysis & Elaboration report for micro_mips
Thu Apr  7 11:25:13 2016
Quartus Prime Version 15.1.0 Build 185 10/21/2015 SJ Lite Edition


---------------------
; Table of Contents ;
---------------------
  1. Legal Notice
  2. Analysis & Elaboration Summary
  3. Parallel Compilation
  4. Analysis & Elaboration Settings
  5. Analysis & Elaboration Messages



----------------
; Legal Notice ;
----------------
Copyright (C) 1991-2015 Altera Corporation. All rights reserved.
Your use of Altera Corporation's design tools, logic functions 
and other software and tools, and its AMPP partner logic 
functions, and any output files from any of the foregoing 
(including device programming or simulation files), and any 
associated documentation or information are expressly subject 
to the terms and conditions of the Altera Program License 
Subscription Agreement, the Altera Quartus Prime License Agreement,
the Altera MegaCore Function License Agreement, or other 
applicable license agreement, including, without limitation, 
that your use is for the sole purpose of programming logic 
devices manufactured by Altera and sold by Altera or its 
authorized distributors.  Please refer to the applicable 
agreement for further details.



+----------------------------------------------------------------------------------+
; Analysis & Elaboration Summary                                                   ;
+------------------------------------+---------------------------------------------+
; Analysis & Elaboration Status      ; Successful - Thu Apr  7 11:25:13 2016       ;
; Quartus Prime Version              ; 15.1.0 Build 185 10/21/2015 SJ Lite Edition ;
; Revision Name                      ; micro_mips                                  ;
; Top-level Entity Name              ; datapath                                    ;
; Family                             ; Cyclone IV E                                ;
; Total logic elements               ; N/A until Partition Merge                   ;
;     Total combinational functions  ; N/A until Partition Merge                   ;
;     Dedicated logic registers      ; N/A until Partition Merge                   ;
; Total registers                    ; N/A until Partition Merge                   ;
; Total pins                         ; N/A until Partition Merge                   ;
; Total virtual pins                 ; N/A until Partition Merge                   ;
; Total memory bits                  ; N/A until Partition Merge                   ;
; Embedded Multiplier 9-bit elements ; N/A until Partition Merge                   ;
; Total PLLs                         ; N/A until Partition Merge                   ;
+------------------------------------+---------------------------------------------+


+------------------------------------------+
; Parallel Compilation                     ;
+----------------------------+-------------+
; Processors                 ; Number      ;
+----------------------------+-------------+
; Number detected on machine ; 4           ;
; Maximum allowed            ; 2           ;
;                            ;             ;
; Average used               ; 1.00        ;
; Maximum used               ; 1           ;
;                            ;             ;
; Usage by Processor         ; % Time Used ;
;     Processor 1            ; 100.0%      ;
+----------------------------+-------------+


+----------------------------------------------------------------------------------------------------------------------+
; Analysis & Elaboration Settings                                                                                      ;
+----------------------------------------------------------------------------+--------------------+--------------------+
; Option                                                                     ; Setting            ; Default Value      ;
+----------------------------------------------------------------------------+--------------------+--------------------+
; Top-level entity name                                                      ; datapath           ; micro_mips         ;
; Family name                                                                ; Cyclone IV E       ; Cyclone V          ;
; Use smart compilation                                                      ; Off                ; Off                ;
; Enable parallel Assembler and TimeQuest Timing Analyzer during compilation ; On                 ; On                 ;
; Enable compact report table                                                ; Off                ; Off                ;
; Restructure Multiplexers                                                   ; Auto               ; Auto               ;
; Create Debugging Nodes for IP Cores                                        ; Off                ; Off                ;
; Preserve fewer node names                                                  ; On                 ; On                 ;
; Disable OpenCore Plus hardware evaluation                                  ; Off                ; Off                ;
; Verilog Version                                                            ; Verilog_2001       ; Verilog_2001       ;
; VHDL Version                                                               ; VHDL_1993          ; VHDL_1993          ;
; State Machine Processing                                                   ; Auto               ; Auto               ;
; Safe State Machine                                                         ; Off                ; Off                ;
; Extract Verilog State Machines                                             ; On                 ; On                 ;
; Extract VHDL State Machines                                                ; On                 ; On                 ;
; Ignore Verilog initial constructs                                          ; Off                ; Off                ;
; Iteration limit for constant Verilog loops                                 ; 5000               ; 5000               ;
; Iteration limit for non-constant Verilog loops                             ; 250                ; 250                ;
; Add Pass-Through Logic to Inferred RAMs                                    ; On                 ; On                 ;
; Infer RAMs from Raw Logic                                                  ; On                 ; On                 ;
; Parallel Synthesis                                                         ; On                 ; On                 ;
; DSP Block Balancing                                                        ; Auto               ; Auto               ;
; NOT Gate Push-Back                                                         ; On                 ; On                 ;
; Power-Up Don't Care                                                        ; On                 ; On                 ;
; Remove Redundant Logic Cells                                               ; Off                ; Off                ;
; Remove Duplicate Registers                                                 ; On                 ; On                 ;
; Ignore CARRY Buffers                                                       ; Off                ; Off                ;
; Ignore CASCADE Buffers                                                     ; Off                ; Off                ;
; Ignore GLOBAL Buffers                                                      ; Off                ; Off                ;
; Ignore ROW GLOBAL Buffers                                                  ; Off                ; Off                ;
; Ignore LCELL Buffers                                                       ; Off                ; Off                ;
; Ignore SOFT Buffers                                                        ; On                 ; On                 ;
; Limit AHDL Integers to 32 Bits                                             ; Off                ; Off                ;
; Optimization Technique                                                     ; Balanced           ; Balanced           ;
; Carry Chain Length                                                         ; 70                 ; 70                 ;
; Auto Carry Chains                                                          ; On                 ; On                 ;
; Auto Open-Drain Pins                                                       ; On                 ; On                 ;
; Perform WYSIWYG Primitive Resynthesis                                      ; Off                ; Off                ;
; Auto ROM Replacement                                                       ; On                 ; On                 ;
; Auto RAM Replacement                                                       ; On                 ; On                 ;
; Auto DSP Block Replacement                                                 ; On                 ; On                 ;
; Auto Shift Register Replacement                                            ; Auto               ; Auto               ;
; Allow Shift Register Merging across Hierarchies                            ; Auto               ; Auto               ;
; Auto Clock Enable Replacement                                              ; On                 ; On                 ;
; Strict RAM Replacement                                                     ; Off                ; Off                ;
; Allow Synchronous Control Signals                                          ; On                 ; On                 ;
; Force Use of Synchronous Clear Signals                                     ; Off                ; Off                ;
; Auto RAM Block Balancing                                                   ; On                 ; On                 ;
; Auto RAM to Logic Cell Conversion                                          ; Off                ; Off                ;
; Auto Resource Sharing                                                      ; Off                ; Off                ;
; Allow Any RAM Size For Recognition                                         ; Off                ; Off                ;
; Allow Any ROM Size For Recognition                                         ; Off                ; Off                ;
; Allow Any Shift Register Size For Recognition                              ; Off                ; Off                ;
; Use LogicLock Constraints during Resource Balancing                        ; On                 ; On                 ;
; Ignore translate_off and synthesis_off directives                          ; Off                ; Off                ;
; Timing-Driven Synthesis                                                    ; On                 ; On                 ;
; Report Parameter Settings                                                  ; On                 ; On                 ;
; Report Source Assignments                                                  ; On                 ; On                 ;
; Report Connectivity Checks                                                 ; On                 ; On                 ;
; Ignore Maximum Fan-Out Assignments                                         ; Off                ; Off                ;
; Synchronization Register Chain Length                                      ; 2                  ; 2                  ;
; PowerPlay Power Optimization During Synthesis                              ; Normal compilation ; Normal compilation ;
; HDL message level                                                          ; Level2             ; Level2             ;
; Suppress Register Optimization Related Messages                            ; Off                ; Off                ;
; Number of Removed Registers Reported in Synthesis Report                   ; 5000               ; 5000               ;
; Number of Swept Nodes Reported in Synthesis Report                         ; 5000               ; 5000               ;
; Number of Inverted Registers Reported in Synthesis Report                  ; 100                ; 100                ;
; Clock MUX Protection                                                       ; On                 ; On                 ;
; Auto Gated Clock Conversion                                                ; Off                ; Off                ;
; Block Design Naming                                                        ; Auto               ; Auto               ;
; SDC constraint protection                                                  ; Off                ; Off                ;
; Synthesis Effort                                                           ; Auto               ; Auto               ;
; Shift Register Replacement - Allow Asynchronous Clear Signal               ; On                 ; On                 ;
; Pre-Mapping Resynthesis Optimization                                       ; Off                ; Off                ;
; Analysis & Synthesis Message Level                                         ; Medium             ; Medium             ;
; Disable Register Merging Across Hierarchies                                ; Auto               ; Auto               ;
; Resource Aware Inference For Block RAM                                     ; On                 ; On                 ;
; Synthesis Seed                                                             ; 1                  ; 1                  ;
+----------------------------------------------------------------------------+--------------------+--------------------+


+---------------------------------+
; Analysis & Elaboration Messages ;
+---------------------------------+
Info: *******************************************************************
Info: Running Quartus Prime Analysis & Elaboration
    Info: Version 15.1.0 Build 185 10/21/2015 SJ Lite Edition
    Info: Processing started: Thu Apr  7 11:25:00 2016
Info: Command: quartus_map --read_settings_files=on --write_settings_files=off micro_mips -c micro_mips --analysis_and_elaboration
Info (20030): Parallel compilation is enabled and will use 2 of the 2 processors detected
Info (12021): Found 2 design units, including 1 entities, in source file datapath.vhd
    Info (12022): Found design unit 1: datapath-rtl File: /home/andris/Documents/digital_design/MicroMips/datapath.vhd Line: 32
    Info (12023): Found entity 1: datapath File: /home/andris/Documents/digital_design/MicroMips/datapath.vhd Line: 5
Info (12021): Found 2 design units, including 1 entities, in source file writeback_unit.vhd
    Info (12022): Found design unit 1: writeback_unit-rtl File: /home/andris/Documents/digital_design/MicroMips/writeback_unit.vhd Line: 15
    Info (12023): Found entity 1: writeback_unit File: /home/andris/Documents/digital_design/MicroMips/writeback_unit.vhd Line: 4
Info (12021): Found 2 design units, including 1 entities, in source file execute_unit.vhd
    Info (12022): Found design unit 1: execute_unit-rtl File: /home/andris/Documents/digital_design/MicroMips/execute_unit.vhd Line: 25
    Info (12023): Found entity 1: execute_unit File: /home/andris/Documents/digital_design/MicroMips/execute_unit.vhd Line: 5
Info (12021): Found 2 design units, including 1 entities, in source file decode_unit.vhd
    Info (12022): Found design unit 1: decode_unit-rtl File: /home/andris/Documents/digital_design/MicroMips/decode_unit.vhd Line: 19
    Info (12023): Found entity 1: decode_unit File: /home/andris/Documents/digital_design/MicroMips/decode_unit.vhd Line: 5
Info (12021): Found 2 design units, including 1 entities, in source file fetch_unit.vhd
    Info (12022): Found design unit 1: fetch_unit-rtl File: /home/andris/Documents/digital_design/MicroMips/fetch_unit.vhd Line: 21
    Info (12023): Found entity 1: fetch_unit File: /home/andris/Documents/digital_design/MicroMips/fetch_unit.vhd Line: 4
Info (12021): Found 2 design units, including 1 entities, in source file clock_unit.vhd
    Info (12022): Found design unit 1: clock_unit-arc File: /home/andris/Documents/digital_design/MicroMips/clock_unit.vhd Line: 18
    Info (12023): Found entity 1: clock_unit File: /home/andris/Documents/digital_design/MicroMips/clock_unit.vhd Line: 5
Info (12021): Found 2 design units, including 1 entities, in source file soc.vhd
    Info (12022): Found design unit 1: soc-arc File: /home/andris/Documents/digital_design/MicroMips/soc.vhd Line: 14
    Info (12023): Found entity 1: soc File: /home/andris/Documents/digital_design/MicroMips/soc.vhd Line: 4
Info (12021): Found 2 design units, including 1 entities, in source file chip_selector.vhd
    Info (12022): Found design unit 1: chip_selector-arc File: /home/andris/Documents/digital_design/MicroMips/chip_selector.vhd Line: 14
    Info (12023): Found entity 1: chip_selector File: /home/andris/Documents/digital_design/MicroMips/chip_selector.vhd Line: 4
Info (12021): Found 2 design units, including 1 entities, in source file core.vhd
    Info (12022): Found design unit 1: core-arc File: /home/andris/Documents/digital_design/MicroMips/core.vhd Line: 15
    Info (12023): Found entity 1: core File: /home/andris/Documents/digital_design/MicroMips/core.vhd Line: 5
Info (12021): Found 2 design units, including 1 entities, in source file rom.vhd
    Info (12022): Found design unit 1: rom-rtl File: /home/andris/Documents/digital_design/MicroMips/rom.vhd Line: 16
    Info (12023): Found entity 1: rom File: /home/andris/Documents/digital_design/MicroMips/rom.vhd Line: 7
Info (12021): Found 2 design units, including 1 entities, in source file register_file.vhd
    Info (12022): Found design unit 1: register_file-rtl File: /home/andris/Documents/digital_design/MicroMips/register_file.vhd Line: 15
    Info (12023): Found entity 1: register_file File: /home/andris/Documents/digital_design/MicroMips/register_file.vhd Line: 5
Info (12021): Found 2 design units, including 1 entities, in source file ram.vhd
    Info (12022): Found design unit 1: ram-rtl File: /home/andris/Documents/digital_design/MicroMips/ram.vhd Line: 16
    Info (12023): Found entity 1: ram File: /home/andris/Documents/digital_design/MicroMips/ram.vhd Line: 5
Info (12021): Found 2 design units, including 1 entities, in source file control_unit.vhd
    Info (12022): Found design unit 1: control_unit-rtl File: /home/andris/Documents/digital_design/MicroMips/control_unit.vhd Line: 30
    Info (12023): Found entity 1: control_unit File: /home/andris/Documents/digital_design/MicroMips/control_unit.vhd Line: 4
Info (12021): Found 2 design units, including 1 entities, in source file alu.vhd
    Info (12022): Found design unit 1: alu-rtl File: /home/andris/Documents/digital_design/MicroMips/alu.vhd Line: 20
    Info (12023): Found entity 1: alu File: /home/andris/Documents/digital_design/MicroMips/alu.vhd Line: 6
Info (12127): Elaborating entity "datapath" for the top level hierarchy
Info (12128): Elaborating entity "fetch_unit" for hierarchy "fetch_unit:fetch_u" File: /home/andris/Documents/digital_design/MicroMips/datapath.vhd Line: 117
Info (12128): Elaborating entity "decode_unit" for hierarchy "decode_unit:decode_u" File: /home/andris/Documents/digital_design/MicroMips/datapath.vhd Line: 131
Info (12128): Elaborating entity "register_file" for hierarchy "decode_unit:decode_u|register_file:reg_file" File: /home/andris/Documents/digital_design/MicroMips/decode_unit.vhd Line: 47
Warning (10492): VHDL Process Statement warning at register_file.vhd(25): signal "write_en" is read inside the Process Statement but isn't in the Process Statement's sensitivity list File: /home/andris/Documents/digital_design/MicroMips/register_file.vhd Line: 25
Warning (10492): VHDL Process Statement warning at register_file.vhd(35): signal "register_f_s" is read inside the Process Statement but isn't in the Process Statement's sensitivity list File: /home/andris/Documents/digital_design/MicroMips/register_file.vhd Line: 35
Warning (10492): VHDL Process Statement warning at register_file.vhd(41): signal "register_f_s" is read inside the Process Statement but isn't in the Process Statement's sensitivity list File: /home/andris/Documents/digital_design/MicroMips/register_file.vhd Line: 41
Info (12128): Elaborating entity "execute_unit" for hierarchy "execute_unit:execute_u" File: /home/andris/Documents/digital_design/MicroMips/datapath.vhd Line: 143
Warning (10541): VHDL Signal Declaration warning at execute_unit.vhd(19): used implicit default value for signal "alu_zero" because signal was never assigned a value or an explicit default value. Use of implicit default value may introduce unintended design optimizations. File: /home/andris/Documents/digital_design/MicroMips/execute_unit.vhd Line: 19
Warning (10540): VHDL Signal Declaration warning at execute_unit.vhd(49): used explicit default value for signal "rst_vec_addr" because signal was never assigned a value File: /home/andris/Documents/digital_design/MicroMips/execute_unit.vhd Line: 49
Info (12128): Elaborating entity "alu" for hierarchy "execute_unit:execute_u|alu:alu_inst" File: /home/andris/Documents/digital_design/MicroMips/execute_unit.vhd Line: 54
Info (12128): Elaborating entity "writeback_unit" for hierarchy "writeback_unit:writeback_u" File: /home/andris/Documents/digital_design/MicroMips/datapath.vhd Line: 161
Info: Quartus Prime Analysis & Elaboration was successful. 0 errors, 5 warnings
    Info: Peak virtual memory: 1495 megabytes
    Info: Processing ended: Thu Apr  7 11:25:13 2016
    Info: Elapsed time: 00:00:13
    Info: Total CPU time (on all processors): 00:00:31


